<?xml version="1.0" encoding="UTF-8"?>
<!-- Generated by org.testng.reporters.JUnitReportReporter -->
<testsuite skipped="6" hostname="MTY-8BHH4YWQJCM" name="MyTest.Test1" tests="7" failures="0" timestamp="2021-07-02T16:25:24 PDT" time="0.121" errors="1">
  <testcase name="setBaseURL" time="0.121" classname="MyTest.Test1">
    <error type="java.lang.IllegalStateException" message="The driver executable does not exist: C:\Users\ernesto.aguilar\Documents\chromedriver_win32\chromedriver.exe">
      <![CDATA[java.lang.IllegalStateException: The driver executable does not exist: C:\Users\ernesto.aguilar\Documents\chromedriver_win32\chromedriver.exe
at com.google.common.base.Preconditions.checkState(Preconditions.java:585)
at org.openqa.selenium.remote.service.DriverService.checkExecutable(DriverService.java:136)
at org.openqa.selenium.remote.service.DriverService.findExecutable(DriverService.java:131)
at org.openqa.selenium.chrome.ChromeDriverService.access$000(ChromeDriverService.java:32)
at org.openqa.selenium.chrome.ChromeDriverService$Builder.findDefaultExecutable(ChromeDriverService.java:137)
at org.openqa.selenium.remote.service.DriverService$Builder.build(DriverService.java:339)
at org.openqa.selenium.chrome.ChromeDriverService.createDefaultService(ChromeDriverService.java:88)
at org.openqa.selenium.chrome.ChromeDriver.<init>(ChromeDriver.java:123)
at MyTest.Test1.setBaseURL(Test1.java:25)
at sun.reflect.NativeMethodAccessorImpl.invoke0(Native Method)
at sun.reflect.NativeMethodAccessorImpl.invoke(NativeMethodAccessorImpl.java:62)
at sun.reflect.DelegatingMethodAccessorImpl.invoke(DelegatingMethodAccessorImpl.java:43)
at java.lang.reflect.Method.invoke(Method.java:498)
at org.testng.internal.MethodInvocationHelper.invokeMethod(MethodInvocationHelper.java:133)
at org.testng.internal.MethodInvocationHelper.invokeMethodConsideringTimeout(MethodInvocationHelper.java:62)
at org.testng.internal.ConfigInvoker.invokeConfigurationMethod(ConfigInvoker.java:385)
at org.testng.internal.ConfigInvoker.invokeConfigurations(ConfigInvoker.java:321)
at org.testng.TestRunner.invokeTestConfigurations(TestRunner.java:637)
at org.testng.TestRunner.beforeRun(TestRunner.java:627)
at org.testng.TestRunner.run(TestRunner.java:589)
at org.testng.SuiteRunner.runTest(SuiteRunner.java:377)
at org.testng.SuiteRunner.runSequentially(SuiteRunner.java:371)
at org.testng.SuiteRunner.privateRun(SuiteRunner.java:332)
at org.testng.SuiteRunner.run(SuiteRunner.java:276)
at org.testng.SuiteRunnerWorker.runSuite(SuiteRunnerWorker.java:53)
at org.testng.SuiteRunnerWorker.run(SuiteRunnerWorker.java:96)
at org.testng.TestNG.runSuitesSequentially(TestNG.java:1212)
at org.testng.TestNG.runSuitesLocally(TestNG.java:1134)
at org.testng.TestNG.runSuites(TestNG.java:1063)
at org.testng.TestNG.run(TestNG.java:1031)
at org.testng.remote.AbstractRemoteTestNG.run(AbstractRemoteTestNG.java:115)
at org.testng.remote.RemoteTestNG.initAndRun(RemoteTestNG.java:251)
at org.testng.remote.RemoteTestNG.main(RemoteTestNG.java:77)
]]>
    </error>
  </testcase> <!-- setBaseURL -->
  <system-out/>
  <testcase name="clickSignIn" time="0.000" classname="MyTest.Test1">
    <skipped/>
  </testcase> <!-- clickSignIn -->
  <system-out/>
  <testcase name="fillCreateMail" time="0.000" classname="MyTest.Test1">
    <skipped/>
  </testcase> <!-- fillCreateMail -->
  <system-out/>
  <testcase name="fillRegisterData" time="0.000" classname="MyTest.Test1">
    <skipped/>
  </testcase> <!-- fillRegisterData -->
  <system-out/>
  <testcase name="search" time="0.000" classname="MyTest.Test1">
    <skipped/>
  </testcase> <!-- search -->
  <system-out/>
  <testcase name="colorSelection" time="0.000" classname="MyTest.Test1">
    <skipped/>
  </testcase> <!-- colorSelection -->
  <system-out/>
  <testcase name="continuarSelection" time="0.000" classname="MyTest.Test1">
    <skipped/>
  </testcase> <!-- continuarSelection -->
  <system-out/>
</testsuite> <!-- MyTest.Test1 -->
